iap/build/outputs/mapping/release/usage.txt
com.limerse.iap.BillingService$Companion
com.limerse.iap.BillingService$launchBillingFlow$1
com.limerse.iap.BillingService$onAcknowledgePurchaseResponse$1
com.limerse.iap.BillingService$onBillingSetupFinished$1$1$1
com.limerse.iap.BillingService$onBillingSetupFinished$1$1
com.limerse.iap.BillingService$onBillingSetupFinished$1
com.limerse.iap.BillingService$onPurchasesUpdated$1
com.limerse.iap.BillingService$queryPurchases$1
com.limerse.iap.BillingService$toProductDetails$1
com.limerse.iap.BillingService
com.limerse.iap.BillingServiceKt
com.limerse.iap.BillingServiceListener
com.limerse.iap.BuildConfig
com.limerse.iap.DataWrappers$ProductType
com.limerse.iap.DataWrappers$PurchaseInfo
com.limerse.iap.DataWrappers$SkuDetails
com.limerse.iap.DataWrappers
com.limerse.iap.IBillingService
com.limerse.iap.IBillingServiceKt
com.limerse.iap.IapConnector
com.limerse.iap.PurchaseServiceListener
com.limerse.iap.Security
com.limerse.iap.SubscriptionServiceListener$DefaultImpls
com.limerse.iap.SubscriptionServiceListener